[2025-05-04T08:12:14.373Z] Starting Curve arbitrage scanner...
[2025-05-04T08:12:14.379Z] Loaded fork config with network ID: 1
[2025-05-04T08:12:15.905Z] Using account: 0xf39Fd6e51aad88F6F4ce6aB8827279cffFb92266
[2025-05-04T08:12:15.923Z] Connected to FlashloanArb contract at 0x4458AcB1185aD869F982D51b5b0b87e23767A3A9
[2025-05-04T08:12:16.183Z] WETH decimals: 18
[2025-05-04T08:12:16.185Z] DAI decimals: 18
[2025-05-04T08:12:16.187Z] USDC decimals: 6
[2025-05-04T08:12:16.191Z] Starting arbitrage scanning between Curve and other DEXs...
[2025-05-04T08:12:16.194Z] Scan #1 of 10
[2025-05-04T08:12:16.198Z] 
Checking WETH/DAI for Curve arbitrage opportunities...
[2025-05-04T08:12:16.273Z] No Curve pool found for WETH/DAI
[2025-05-04T08:12:16.275Z] 
Checking WETH/USDC for Curve arbitrage opportunities...
[2025-05-04T08:12:16.317Z] No Curve pool found for WETH/USDC
[2025-05-04T08:12:16.321Z] 
Checking DAI/USDC for Curve arbitrage opportunities...
[2025-05-04T08:12:16.323Z] Found Curve pool at 0xbEbc44782C7dB0a1A60Cb6fe97d0b483032FF1C7 for DAI/USDC
[2025-05-04T08:12:16.326Z] Token indices: 0, 1
[2025-05-04T08:12:16.535Z] DAI/USDC prices for 5000.0 input:
[2025-05-04T08:12:16.538Z] - Curve: 4999.156354
[2025-05-04T08:12:16.540Z] - Uniswap V2: 4982.049318
[2025-05-04T08:12:16.542Z] - Sushiswap: 3604.806935
[2025-05-04T08:12:16.544Z] - Uniswap V3 (100): 4999.975316
[2025-05-04T08:12:16.546Z] 
Flash loan details:
[2025-05-04T08:12:16.548Z] - Amount borrowed: 5000.0
[2025-05-04T08:12:16.551Z] - Flash loan fee: 4.5
[2025-05-04T08:12:16.554Z] - Repayment required: 5004.5
[2025-05-04T08:12:16.556Z] 
Checking arbitrage path: Curve -> Uniswap V2:
[2025-05-04T08:12:16.559Z] - Step 1: Swap 5000.0 DAI -> 4999.156354 USDC on Curve
[2025-05-04T08:12:16.612Z] - Step 2: Swap 4999.156354 USDC -> 4982.528575623361154616 DAI on Uniswap V2
[2025-05-04T08:12:16.619Z] - NOT PROFITABLE. Would lose 21.971424376638845384 DAI
[2025-05-04T08:12:16.623Z] 
Checking arbitrage path: Curve -> Sushiswap:
[2025-05-04T08:12:16.627Z] - Step 1: Swap 5000.0 DAI -> 4999.156354 USDC on Curve
[2025-05-04T08:12:16.665Z] - Step 2: Swap 4999.156354 USDC -> 3581.973259681749385173 DAI on Sushiswap
[2025-05-04T08:12:16.668Z] - NOT PROFITABLE. Would lose 1422.526740318250614827 DAI
[2025-05-04T08:12:16.670Z] Potential Uniswap V3 -> Curve arbitrage for DAI/USDC
[2025-05-04T08:12:16.672Z] Further implementation needed for V3 path check
[2025-05-04T08:12:19.682Z] Waiting for next scan cycle...
[2025-05-04T08:12:19.685Z] Scan #2 of 10
[2025-05-04T08:12:19.687Z] 
Checking WETH/DAI for Curve arbitrage opportunities...
[2025-05-04T08:12:19.718Z] No Curve pool found for WETH/DAI
[2025-05-04T08:12:19.720Z] 
Checking WETH/USDC for Curve arbitrage opportunities...
[2025-05-04T08:12:19.750Z] No Curve pool found for WETH/USDC
[2025-05-04T08:12:19.752Z] 
Checking DAI/USDC for Curve arbitrage opportunities...
[2025-05-04T08:12:19.756Z] Found Curve pool at 0xbEbc44782C7dB0a1A60Cb6fe97d0b483032FF1C7 for DAI/USDC
[2025-05-04T08:12:19.759Z] Token indices: 0, 1
[2025-05-04T08:12:19.955Z] DAI/USDC prices for 5000.0 input:
[2025-05-04T08:12:19.957Z] - Curve: 4999.156354
[2025-05-04T08:12:19.959Z] - Uniswap V2: 4982.049318
[2025-05-04T08:12:19.962Z] - Sushiswap: 3604.806935
[2025-05-04T08:12:19.964Z] - Uniswap V3 (100): 4999.975316
[2025-05-04T08:12:19.965Z] 
Flash loan details:
[2025-05-04T08:12:19.967Z] - Amount borrowed: 5000.0
[2025-05-04T08:12:19.970Z] - Flash loan fee: 4.5
[2025-05-04T08:12:19.971Z] - Repayment required: 5004.5
[2025-05-04T08:12:19.973Z] 
Checking arbitrage path: Curve -> Uniswap V2:
[2025-05-04T08:12:19.976Z] - Step 1: Swap 5000.0 DAI -> 4999.156354 USDC on Curve
[2025-05-04T08:12:20.013Z] - Step 2: Swap 4999.156354 USDC -> 4982.528575623361154616 DAI on Uniswap V2
[2025-05-04T08:12:20.017Z] - NOT PROFITABLE. Would lose 21.971424376638845384 DAI
[2025-05-04T08:12:20.020Z] 
Checking arbitrage path: Curve -> Sushiswap:
[2025-05-04T08:12:20.024Z] - Step 1: Swap 5000.0 DAI -> 4999.156354 USDC on Curve
[2025-05-04T08:12:20.054Z] - Step 2: Swap 4999.156354 USDC -> 3581.973259681749385173 DAI on Sushiswap
[2025-05-04T08:12:20.056Z] - NOT PROFITABLE. Would lose 1422.526740318250614827 DAI
[2025-05-04T08:12:20.058Z] Potential Uniswap V3 -> Curve arbitrage for DAI/USDC
[2025-05-04T08:12:20.063Z] Further implementation needed for V3 path check
[2025-05-04T08:12:23.078Z] Waiting for next scan cycle...
[2025-05-04T08:12:23.080Z] Scan #3 of 10
[2025-05-04T08:12:23.082Z] 
Checking WETH/DAI for Curve arbitrage opportunities...
[2025-05-04T08:12:23.121Z] No Curve pool found for WETH/DAI
[2025-05-04T08:12:23.123Z] 
Checking WETH/USDC for Curve arbitrage opportunities...
[2025-05-04T08:12:23.174Z] No Curve pool found for WETH/USDC
[2025-05-04T08:12:23.177Z] 
Checking DAI/USDC for Curve arbitrage opportunities...
[2025-05-04T08:12:23.179Z] Found Curve pool at 0xbEbc44782C7dB0a1A60Cb6fe97d0b483032FF1C7 for DAI/USDC
[2025-05-04T08:12:23.183Z] Token indices: 0, 1
[2025-05-04T08:12:23.397Z] DAI/USDC prices for 5000.0 input:
[2025-05-04T08:12:23.399Z] - Curve: 4999.156354
[2025-05-04T08:12:23.402Z] - Uniswap V2: 4982.049318
[2025-05-04T08:12:23.404Z] - Sushiswap: 3604.806935
[2025-05-04T08:12:23.406Z] - Uniswap V3 (100): 4999.975316
[2025-05-04T08:12:23.407Z] 
Flash loan details:
[2025-05-04T08:12:23.412Z] - Amount borrowed: 5000.0
[2025-05-04T08:12:23.416Z] - Flash loan fee: 4.5
[2025-05-04T08:12:23.419Z] - Repayment required: 5004.5
[2025-05-04T08:12:23.421Z] 
Checking arbitrage path: Curve -> Uniswap V2:
[2025-05-04T08:12:23.425Z] - Step 1: Swap 5000.0 DAI -> 4999.156354 USDC on Curve
[2025-05-04T08:12:23.455Z] - Step 2: Swap 4999.156354 USDC -> 4982.528575623361154616 DAI on Uniswap V2
[2025-05-04T08:12:23.459Z] - NOT PROFITABLE. Would lose 21.971424376638845384 DAI
[2025-05-04T08:12:23.464Z] 
Checking arbitrage path: Curve -> Sushiswap:
[2025-05-04T08:12:23.468Z] - Step 1: Swap 5000.0 DAI -> 4999.156354 USDC on Curve
[2025-05-04T08:12:23.505Z] - Step 2: Swap 4999.156354 USDC -> 3581.973259681749385173 DAI on Sushiswap
[2025-05-04T08:12:23.509Z] - NOT PROFITABLE. Would lose 1422.526740318250614827 DAI
[2025-05-04T08:12:23.512Z] Potential Uniswap V3 -> Curve arbitrage for DAI/USDC
[2025-05-04T08:12:23.517Z] Further implementation needed for V3 path check
