[2025-05-03T21:57:22.637Z] Creating triple imbalance for triangle arbitrage...
[2025-05-03T21:57:22.646Z] Using 25% imbalance for all pools
[2025-05-03T21:57:24.427Z] Using account: 0xf39Fd6e51aad88F6F4ce6aB8827279cffFb92266
[2025-05-03T21:57:25.110Z] Found WETH-DAI pair at 0xA478c2975Ab1Ea89e8196811F51A7B7Ade33eB11
[2025-05-03T21:57:25.112Z] Found DAI-USDC pair at 0xAE461cA67B15dc8dc81CE7615e0320dA1A9aB8D5
[2025-05-03T21:57:25.113Z] Found WETH-USDC pair at 0xB4e16d0168e52d35CaCD2c6185b44281Ec28C9Dc
[2025-05-03T21:57:25.261Z] WETH: WETH (18 decimals)
[2025-05-03T21:57:25.299Z] DAI: DAI (18 decimals)
[2025-05-03T21:57:25.330Z] USDC: USDC (6 decimals)
[2025-05-03T21:57:25.338Z] 
=== Creating imbalance in WETH-DAI pair ===
[2025-05-03T21:57:25.412Z] In WETH-DAI pair: WETH is token1
[2025-05-03T21:57:25.459Z] Current WETH-DAI reserves: 2785.322337191568276651 WETH, 6272170.369137906058696534 DAI
[2025-05-03T21:59:04.363Z] Creating triple imbalance for triangle arbitrage...
[2025-05-03T21:59:04.376Z] Using 25% imbalance for all pools
[2025-05-03T21:59:06.172Z] Using account: 0xf39Fd6e51aad88F6F4ce6aB8827279cffFb92266
[2025-05-03T21:59:06.369Z] Found WETH-DAI pair at 0xA478c2975Ab1Ea89e8196811F51A7B7Ade33eB11
[2025-05-03T21:59:06.374Z] Found DAI-USDC pair at 0xAE461cA67B15dc8dc81CE7615e0320dA1A9aB8D5
[2025-05-03T21:59:06.375Z] Found WETH-USDC pair at 0xB4e16d0168e52d35CaCD2c6185b44281Ec28C9Dc
[2025-05-03T21:59:06.524Z] WETH: WETH (18 decimals)
[2025-05-03T21:59:06.561Z] DAI: DAI (18 decimals)
[2025-05-03T21:59:06.614Z] USDC: USDC (6 decimals)
[2025-05-03T21:59:06.621Z] 
=== Creating imbalance in WETH-DAI pair ===
[2025-05-03T21:59:06.688Z] In WETH-DAI pair: WETH is token1
[2025-05-03T21:59:06.725Z] Current WETH-DAI reserves: 2785.322337191568276651 WETH, 6272170.369137906058696534 DAI
[2025-05-03T21:59:06.747Z] Adding 696.330584297892069162 WETH and 392010.648071119128668533 DAI to WETH-DAI pair
[2025-05-03T21:59:07.721Z] New WETH-DAI reserves: 3481.652921489460345813 WETH, 6664181.017209025187365067 DAI
[2025-05-03T21:59:07.723Z] 
=== Creating imbalance in DAI-USDC pair ===
[2025-05-03T21:59:07.807Z] In DAI-USDC pair: DAI is token0
[2025-05-03T21:59:07.857Z] Current DAI-USDC reserves: 10843240.272051190686770496 DAI, 10841804.077889 USDC
[2025-05-03T21:59:07.883Z] Adding 2710810.068012797671692624 DAI and 677612.754868 USDC to DAI-USDC pair
[2025-05-03T21:59:08.850Z] New DAI-USDC reserves: 13554050.34006398835846312 DAI, 11519416.832757 USDC
[2025-05-03T21:59:08.854Z] 
=== Creating imbalance in WETH-USDC pair ===
[2025-05-03T21:59:08.958Z] In WETH-USDC pair: WETH is token1
[2025-05-03T21:59:08.982Z] Current WETH-USDC reserves: 23422.292243344528411897 WETH, 52781008.343855 USDC
[2025-05-03T21:59:09.008Z] Adding 1463.893265209033025743 WETH and 13195252.085963 USDC to WETH-USDC pair
[2025-05-03T21:59:09.255Z] New WETH-USDC reserves: 24886.18550855356143764 WETH, 65976260.429818 USDC
[2025-05-03T21:59:09.257Z] 
=== Cross-exchange price analysis ===
[2025-05-03T21:59:09.347Z] 1 WETH -> DAI on Uniswap: 1907.796828259961997053 DAI
[2025-05-03T21:59:09.350Z] 1 WETH -> DAI on Sushiswap: 2240.436447121645267838 DAI
[2025-05-03T21:59:09.414Z] 1 DAI -> USDC on Uniswap: 0.847337 USDC
[2025-05-03T21:59:09.424Z] 1 DAI -> USDC on Sushiswap: 1.000539 USDC
[2025-05-03T21:59:09.478Z] 1 USDC -> WETH on Uniswap: 0.000376067488751985 WETH
[2025-05-03T21:59:09.480Z] 1 USDC -> WETH on Sushiswap: 0.000441844367093403 WETH
[2025-05-03T21:59:09.482Z] 
=== Triangle arbitrage analysis ===
[2025-05-03T21:59:09.607Z] Optimal path: 1 WETH -> 2240.436447121645267838 DAI (Sushiswap) -> 1909.865949 USDC (Sushiswap) -> 0.84360598592032132 WETH (Sushiswap)
[2025-05-03T21:59:09.611Z] ❌ NOT PROFITABLE! You'd lose 0.15639401407967868 WETH (15.64%)
[2025-05-03T21:59:09.612Z] 
Optimal DEX sequence: [1, 1, 1]
[2025-05-03T21:59:09.613Z] Use this sequence with the executeTriangleArbitrage function for best results.
[2025-05-03T21:59:09.617Z] 
=== Summary ===
[2025-05-03T21:59:09.620Z] Created significant imbalances in all three pools of the triangle arbitrage path.
[2025-05-03T21:59:09.622Z] The optimal arbitrage path is: WETH -> DAI (Sushiswap) -> USDC (Sushiswap) -> WETH (Sushiswap)
[2025-05-03T21:59:09.623Z] For best results, use a larger loan amount and set minimum profit to near zero.
[2025-05-03T22:08:52.283Z] Creating triple imbalance for triangle arbitrage...
[2025-05-03T22:08:52.315Z] Using 25% imbalance for all pools
[2025-05-03T22:08:53.660Z] Using account: 0xf39Fd6e51aad88F6F4ce6aB8827279cffFb92266
[2025-05-03T22:08:53.778Z] Found WETH-DAI pair at 0xA478c2975Ab1Ea89e8196811F51A7B7Ade33eB11
[2025-05-03T22:08:53.779Z] Found DAI-USDC pair at 0xAE461cA67B15dc8dc81CE7615e0320dA1A9aB8D5
[2025-05-03T22:08:53.781Z] Found WETH-USDC pair at 0xB4e16d0168e52d35CaCD2c6185b44281Ec28C9Dc
[2025-05-03T22:08:53.868Z] WETH: WETH (18 decimals)
[2025-05-03T22:08:53.901Z] DAI: DAI (18 decimals)
[2025-05-03T22:08:53.934Z] USDC: USDC (6 decimals)
[2025-05-03T22:08:53.940Z] 
=== Creating imbalance in WETH-DAI pair ===
[2025-05-03T22:08:54.000Z] In WETH-DAI pair: WETH is token1
[2025-05-03T22:08:54.040Z] Current WETH-DAI reserves: 6266.975258681028622463 WETH, 6997390.06806947644673332 DAI
[2025-05-03T22:08:54.058Z] Adding 1566.743814670257155615 WETH and 437336.879254342277920832 DAI to WETH-DAI pair
[2025-05-03T22:08:54.394Z] New WETH-DAI reserves: 7833.719073351285778078 WETH, 7434726.947323818724654152 DAI
[2025-05-03T22:08:54.395Z] 
=== Creating imbalance in DAI-USDC pair ===
[2025-05-03T22:08:54.442Z] In DAI-USDC pair: DAI is token0
[2025-05-03T22:08:54.462Z] Current DAI-USDC reserves: 13554050.34006398835846312 DAI, 11519416.832757 USDC
[2025-05-03T22:08:54.484Z] Adding 3388512.58501599708961578 DAI and 719963.552047 USDC to DAI-USDC pair
[2025-05-03T22:08:54.678Z] New DAI-USDC reserves: 16942562.9250799854480789 DAI, 12239380.384804 USDC
[2025-05-03T22:08:54.680Z] 
=== Creating imbalance in WETH-USDC pair ===
[2025-05-03T22:08:54.730Z] In WETH-USDC pair: WETH is token1
[2025-05-03T22:08:54.749Z] Current WETH-USDC reserves: 24886.18550855356143764 WETH, 65976260.429818 USDC
[2025-05-03T22:08:54.847Z] Adding 1555.386594284597589852 WETH and 16494065.107454 USDC to WETH-USDC pair
[2025-05-03T22:08:55.145Z] New WETH-USDC reserves: 26441.572102838159027492 WETH, 82470325.537272 USDC
[2025-05-03T22:08:55.158Z] 
=== Cross-exchange price analysis ===
[2025-05-03T22:08:55.213Z] 1 WETH -> DAI on Uniswap: 946.099730620001484828 DAI
[2025-05-03T22:08:55.215Z] 1 WETH -> DAI on Sushiswap: 3802.548178741798584582 DAI
[2025-05-03T22:08:55.278Z] 1 DAI -> USDC on Uniswap: 0.720237 USDC
[2025-05-03T22:08:55.280Z] 1 DAI -> USDC on Sushiswap: 1.000539 USDC
[2025-05-03T22:08:55.333Z] 1 USDC -> WETH on Uniswap: 0.000319657366405289 WETH
[2025-05-03T22:08:55.336Z] 1 USDC -> WETH on Sushiswap: 0.000441844367093403 WETH
[2025-05-03T22:08:55.337Z] 
=== Triangle arbitrage analysis ===
[2025-05-03T22:08:55.424Z] Optimal path: 1 WETH -> 3802.548178741798584582 DAI (Sushiswap) -> 2938.151488 USDC (Sushiswap) -> 1.297596188239077636 WETH (Sushiswap)
[2025-05-03T22:08:55.426Z] ✅ PROFITABLE! You'd make 0.297596188239077636 WETH (29.76%) before fees
[2025-05-03T22:08:55.427Z] 
Optimal DEX sequence: [1, 1, 1]
[2025-05-03T22:08:55.428Z] Use this sequence with the executeTriangleArbitrage function for best results.
[2025-05-03T22:08:55.430Z] 
=== Summary ===
[2025-05-03T22:08:55.433Z] Created significant imbalances in all three pools of the triangle arbitrage path.
[2025-05-03T22:08:55.435Z] The optimal arbitrage path is: WETH -> DAI (Sushiswap) -> USDC (Sushiswap) -> WETH (Sushiswap)
[2025-05-03T22:08:55.437Z] For best results, use a larger loan amount and set minimum profit to near zero.
