[2025-05-04T09:36:53.090Z] Starting Universal Arbitrage Scanner
[2025-05-04T09:36:53.095Z] -----------------------------------------------
[2025-05-04T09:36:53.099Z] Registering DEX adapters...
[2025-05-04T09:36:53.122Z] Registered 2 DEX adapters: Curve, Balancer
[2025-05-04T09:36:53.124Z] Trade execution DISABLED. Running in monitoring mode only.
[2025-05-04T09:36:53.128Z] Starting scanning loop...
[2025-05-04T09:36:53.137Z] Scanning for direct arbitrage between 0xC02aaA39b223FE8D0A0e5C4F27eAD9083C756Cc2 and 0xA0b86991c6218b36c1d19D4a2e9Eb0cE3606eB48...
[2025-05-04T09:36:55.667Z] No profitable direct arbitrage opportunities found.
[2025-05-04T09:36:55.669Z] Scanning for direct arbitrage between 0xC02aaA39b223FE8D0A0e5C4F27eAD9083C756Cc2 and 0x6B175474E89094C44Da98b954EedeAC495271d0F...
[2025-05-04T09:36:55.772Z] No profitable direct arbitrage opportunities found.
[2025-05-04T09:36:55.773Z] Scanning for direct arbitrage between 0xA0b86991c6218b36c1d19D4a2e9Eb0cE3606eB48 and 0xdAC17F958D2ee523a2206206994597C13D831ec7...
[2025-05-04T09:36:55.902Z] No profitable direct arbitrage opportunities found.
[2025-05-04T09:36:55.903Z] Scanning for direct arbitrage between 0x6B175474E89094C44Da98b954EedeAC495271d0F and 0xA0b86991c6218b36c1d19D4a2e9Eb0cE3606eB48...
[2025-05-04T09:36:56.004Z] No profitable direct arbitrage opportunities found.
[2025-05-04T09:36:56.006Z] Scanning for direct arbitrage between 0xC02aaA39b223FE8D0A0e5C4F27eAD9083C756Cc2 and 0x2260FAC5E5542a773Aa44fBCfeDf7C193bc2C599...
[2025-05-04T09:36:56.054Z] No profitable direct arbitrage opportunities found.
[2025-05-04T09:36:56.055Z] Scanning for triangle arbitrage opportunities...
[2025-05-04T09:36:56.464Z] No profitable triangle arbitrage opportunities found.
[2025-05-04T09:37:06.471Z] Scanning for direct arbitrage between 0xC02aaA39b223FE8D0A0e5C4F27eAD9083C756Cc2 and 0xA0b86991c6218b36c1d19D4a2e9Eb0cE3606eB48...
[2025-05-04T09:37:06.544Z] No profitable direct arbitrage opportunities found.
[2025-05-04T09:37:06.546Z] Scanning for direct arbitrage between 0xC02aaA39b223FE8D0A0e5C4F27eAD9083C756Cc2 and 0x6B175474E89094C44Da98b954EedeAC495271d0F...
[2025-05-04T09:37:06.629Z] No profitable direct arbitrage opportunities found.
[2025-05-04T09:37:06.632Z] Scanning for direct arbitrage between 0xA0b86991c6218b36c1d19D4a2e9Eb0cE3606eB48 and 0xdAC17F958D2ee523a2206206994597C13D831ec7...
[2025-05-04T09:37:06.743Z] No profitable direct arbitrage opportunities found.
[2025-05-04T09:37:06.745Z] Scanning for direct arbitrage between 0x6B175474E89094C44Da98b954EedeAC495271d0F and 0xA0b86991c6218b36c1d19D4a2e9Eb0cE3606eB48...
[2025-05-04T09:37:06.874Z] No profitable direct arbitrage opportunities found.
[2025-05-04T09:37:06.879Z] Scanning for direct arbitrage between 0xC02aaA39b223FE8D0A0e5C4F27eAD9083C756Cc2 and 0x2260FAC5E5542a773Aa44fBCfeDf7C193bc2C599...
[2025-05-04T09:37:06.916Z] No profitable direct arbitrage opportunities found.
[2025-05-04T09:37:06.919Z] Scanning for triangle arbitrage opportunities...
[2025-05-04T09:37:07.442Z] No profitable triangle arbitrage opportunities found.
[2025-05-04T09:44:51.182Z] Starting Universal Arbitrage Scanner
[2025-05-04T09:44:51.187Z] -----------------------------------------------
[2025-05-04T09:44:51.192Z] Registering DEX adapters...
[2025-05-04T09:44:51.208Z] Registered 2 DEX adapters: Curve, Balancer
[2025-05-04T09:44:51.210Z] Trade execution DISABLED. Running in monitoring mode only.
[2025-05-04T09:44:51.215Z] Starting scanning loop...
[2025-05-04T09:44:51.218Z] Scanning for direct arbitrage between 0xC02aaA39b223FE8D0A0e5C4F27eAD9083C756Cc2 and 0xA0b86991c6218b36c1d19D4a2e9Eb0cE3606eB48...
[2025-05-04T09:44:52.893Z] No profitable direct arbitrage opportunities found.
[2025-05-04T09:44:52.896Z] Scanning for direct arbitrage between 0xC02aaA39b223FE8D0A0e5C4F27eAD9083C756Cc2 and 0x6B175474E89094C44Da98b954EedeAC495271d0F...
[2025-05-04T09:44:53.000Z] No profitable direct arbitrage opportunities found.
[2025-05-04T09:44:53.002Z] Scanning for direct arbitrage between 0xA0b86991c6218b36c1d19D4a2e9Eb0cE3606eB48 and 0xdAC17F958D2ee523a2206206994597C13D831ec7...
[2025-05-04T09:44:53.240Z] No profitable direct arbitrage opportunities found.
[2025-05-04T09:44:53.242Z] Scanning for direct arbitrage between 0x6B175474E89094C44Da98b954EedeAC495271d0F and 0xA0b86991c6218b36c1d19D4a2e9Eb0cE3606eB48...
[2025-05-04T09:44:53.751Z] Found 1 validated direct arbitrage opportunities.
[2025-05-04T09:44:53.755Z] -----------------------------------------------------
[2025-05-04T09:44:53.757Z] VALIDATED ARBITRAGE OPPORTUNITY (DIRECT)
[2025-05-04T09:44:53.760Z] Source DEX: Balancer
[2025-05-04T09:44:53.770Z] Destination DEX: Curve
[2025-05-04T09:44:53.790Z] Path: 0x6B175474E89094C44Da98b954EedeAC495271d0F → 0xA0b86991c6218b36c1d19D4a2e9Eb0cE3606eB48 → 0x6B175474E89094C44Da98b954EedeAC495271d0F
[2025-05-04T09:44:53.800Z] Flash loan amount: 10.0 DAI
[2025-05-04T09:44:53.802Z] Expected profit: 41486246.913523699355973522 DAI (427693267.1400%, $41476746.56)
[2025-05-04T09:44:53.804Z] -----------------------------------------------------
[2025-05-04T09:44:53.809Z] Scanning for direct arbitrage between 0xC02aaA39b223FE8D0A0e5C4F27eAD9083C756Cc2 and 0x2260FAC5E5542a773Aa44fBCfeDf7C193bc2C599...
[2025-05-04T09:44:53.902Z] No profitable direct arbitrage opportunities found.
[2025-05-04T09:44:53.904Z] Scanning for triangle arbitrage opportunities...
[2025-05-04T09:44:54.238Z] No profitable triangle arbitrage opportunities found.
